<?xml version="1.0" encoding="UTF-8"?>
<testng-results skipped="0" failed="0" ignored="0" total="1" passed="1">
  <reporter-output>
  </reporter-output>
  <suite name="Surefire suite" duration-ms="14555" started-at="2020-12-07T12:36:15 CST" finished-at="2020-12-07T12:36:30 CST">
    <groups>
    </groups>
    <test name="Surefire test" duration-ms="14555" started-at="2020-12-07T12:36:15 CST" finished-at="2020-12-07T12:36:30 CST">
      <class name="test.seleniumTest">
        <test-method status="PASS" signature="search()[pri:0, instance:test.seleniumTest@3632be31]" name="search" duration-ms="14513" started-at="2020-12-07T12:36:15 CST" finished-at="2020-12-07T12:36:30 CST">
          <reporter-output>
          </reporter-output>
        </test-method> <!-- search -->
      </class> <!-- test.seleniumTest -->
    </test> <!-- Surefire test -->
  </suite> <!-- Surefire suite -->
</testng-results>
